example/build/app/intermediates/manifest_merge_blame_file/debug/manifest-merger-blame-debug-report.txt
1<?xml version="1.0" encoding="utf-8"?>
2<manifest xmlns:android="http://schemas.android.com/apk/res/android"
3    package="io.flutter.plugins.googlemapsexample"
4    android:versionCode="1"
5    android:versionName="1.0" >
6
7    <uses-sdk
8        android:minSdkVersion="20"
9        android:targetSdkVersion="28" />
10    <!--
11         Flutter needs internet permission to communicate with the running application
12         to allow setting breakpoints, to provide hot reload, etc.
13    -->
14    <uses-permission android:name="android.permission.INTERNET" />
14-->src\main\AndroidManifest.xml:4:5-66
14-->src\main\AndroidManifest.xml:4:22-64
15    <uses-permission android:name="android.permission.ACCESS_FINE_LOCATION" />
15-->src\main\AndroidManifest.xml:5:5-78
15-->src\main\AndroidManifest.xml:5:22-76
16    <uses-permission android:name="android.permission.REORDER_TASKS" />
16-->[androidx.test:core:1.5.0] AndroidManifest.xml:24:5-72
16-->[androidx.test:core:1.5.0] AndroidManifest.xml:24:22-69
17
18    <queries>
18-->[androidx.test:runner:1.5.2] AndroidManifest.xml:24:5-28:15
19        <package android:name="androidx.test.orchestrator" />
19-->[androidx.test:runner:1.5.2] AndroidManifest.xml:25:9-62
19-->[androidx.test:runner:1.5.2] AndroidManifest.xml:25:18-59
20        <package android:name="androidx.test.services" />
20-->[androidx.test:runner:1.5.2] AndroidManifest.xml:26:9-58
20-->[androidx.test:runner:1.5.2] AndroidManifest.xml:26:18-55
21        <package android:name="com.google.android.apps.common.testing.services" />
21-->[androidx.test:runner:1.5.2] AndroidManifest.xml:27:9-83
21-->[androidx.test:runner:1.5.2] AndroidManifest.xml:27:18-80
22        <!-- Needs to be explicitly declared on Android R+ -->
23        <package android:name="com.google.android.apps.maps" />
23-->[com.google.android.gms:play-services-maps:18.2.0] AndroidManifest.xml:33:9-64
23-->[com.google.android.gms:play-services-maps:18.2.0] AndroidManifest.xml:33:18-61
24    </queries> <!-- Include required permissions for Google Maps API to run. -->
25    <uses-permission android:name="android.permission.ACCESS_NETWORK_STATE" />
25-->[com.google.android.gms:play-services-maps:18.2.0] AndroidManifest.xml:23:5-79
25-->[com.google.android.gms:play-services-maps:18.2.0] AndroidManifest.xml:23:22-76
26
27    <uses-feature
27-->[com.google.android.gms:play-services-maps:18.2.0] AndroidManifest.xml:26:5-28:35
28        android:glEsVersion="0x00020000"
28-->[com.google.android.gms:play-services-maps:18.2.0] AndroidManifest.xml:27:9-41
29        android:required="true" />
29-->[com.google.android.gms:play-services-maps:18.2.0] AndroidManifest.xml:28:9-32
30
31    <application
31-->src\main\AndroidManifest.xml:7:5-29:19
32        android:name="androidx.multidex.MultiDexApplication"
33        android:appComponentFactory="androidx.core.app.CoreComponentFactory"
33-->[androidx.core:core:1.6.0] AndroidManifest.xml:24:18-86
34        android:debuggable="true"
35        android:icon="@mipmap/ic_launcher"
35-->src\main\AndroidManifest.xml:7:62-96
36        android:label="google_maps_flutter_example"
36-->src\main\AndroidManifest.xml:7:18-61
37        android:usesCleartextTraffic="true" >
37-->src\debug\AndroidManifest.xml:7:18-53
38        <activity
38-->src\debug\AndroidManifest.xml:8:9-15:20
39            android:name="io.flutter.plugins.googlemapsexample.GoogleMapsTestActivity"
39-->src\debug\AndroidManifest.xml:9:13-51
40            android:configChanges="orientation|keyboardHidden|keyboard|screenSize|smallestScreenSize|locale|layoutDirection|fontScale|screenLayout|density|uiMode"
40-->src\debug\AndroidManifest.xml:12:13-163
41            android:hardwareAccelerated="true"
41-->src\debug\AndroidManifest.xml:13:13-47
42            android:launchMode="singleTop"
42-->src\debug\AndroidManifest.xml:10:13-43
43            android:theme="@style/LaunchTheme"
43-->src\debug\AndroidManifest.xml:11:13-47
44            android:windowSoftInputMode="adjustResize" >
44-->src\debug\AndroidManifest.xml:14:13-55
45        </activity>
46
47        <meta-data
47-->src\main\AndroidManifest.xml:8:7-10:69
48            android:name="com.google.android.gms.version"
48-->src\main\AndroidManifest.xml:9:13-58
49            android:value="@integer/google_play_services_version" /> <!-- Update this value to your google maps api key. -->
49-->src\main\AndroidManifest.xml:10:13-66
50        <meta-data
51            android:name="com.google.android.geo.API_KEY"
52            android:value="null" />
53
54        <activity
54-->src\main\AndroidManifest.xml:15:9-27:20
55            android:name="io.flutter.embedding.android.FlutterActivity"
55-->src\main\AndroidManifest.xml:15:19-78
56            android:configChanges="orientation|keyboardHidden|keyboard|screenSize|locale|layoutDirection|fontScale"
56-->src\main\AndroidManifest.xml:17:13-116
57            android:hardwareAccelerated="true"
57-->src\main\AndroidManifest.xml:18:13-47
58            android:theme="@style/LaunchTheme"
58-->src\main\AndroidManifest.xml:16:13-47
59            android:windowSoftInputMode="adjustResize" >
59-->src\main\AndroidManifest.xml:19:13-55
60            <meta-data
60-->src\main\AndroidManifest.xml:20:13-22:40
61                android:name="io.flutter.app.android.SplashScreenUntilFirstFrame"
61-->src\main\AndroidManifest.xml:21:17-82
62                android:value="true" />
62-->src\main\AndroidManifest.xml:22:17-37
63
64            <intent-filter>
64-->src\main\AndroidManifest.xml:23:13-26:29
65                <action android:name="android.intent.action.MAIN" />
65-->src\main\AndroidManifest.xml:24:17-68
65-->src\main\AndroidManifest.xml:24:25-66
66
67                <category android:name="android.intent.category.LAUNCHER" />
67-->src\main\AndroidManifest.xml:25:17-76
67-->src\main\AndroidManifest.xml:25:27-74
68            </intent-filter>
69        </activity>
70
71        <meta-data
71-->src\main\AndroidManifest.xml:28:9-71
72            android:name="flutterEmbedding"
72-->src\main\AndroidManifest.xml:28:20-51
73            android:value="2" />
73-->src\main\AndroidManifest.xml:28:52-69
74
75        <activity
75-->[androidx.test:core:1.5.0] AndroidManifest.xml:27:9-34:20
76            android:name="androidx.test.core.app.InstrumentationActivityInvoker$BootstrapActivity"
76-->[androidx.test:core:1.5.0] AndroidManifest.xml:28:13-99
77            android:exported="true"
77-->[androidx.test:core:1.5.0] AndroidManifest.xml:29:13-36
78            android:theme="@style/WhiteBackgroundTheme" >
78-->[androidx.test:core:1.5.0] AndroidManifest.xml:30:13-56
79            <intent-filter android:priority="-100" >
79-->[androidx.test:core:1.5.0] AndroidManifest.xml:31:13-33:29
79-->[androidx.test:core:1.5.0] AndroidManifest.xml:31:28-51
80                <category android:name="android.intent.category.LAUNCHER" />
80-->src\main\AndroidManifest.xml:25:17-76
80-->src\main\AndroidManifest.xml:25:27-74
81            </intent-filter>
82        </activity>
83        <activity
83-->[androidx.test:core:1.5.0] AndroidManifest.xml:35:9-42:20
84            android:name="androidx.test.core.app.InstrumentationActivityInvoker$EmptyActivity"
84-->[androidx.test:core:1.5.0] AndroidManifest.xml:36:13-95
85            android:exported="true"
85-->[androidx.test:core:1.5.0] AndroidManifest.xml:37:13-36
86            android:theme="@style/WhiteBackgroundTheme" >
86-->[androidx.test:core:1.5.0] AndroidManifest.xml:38:13-56
87            <intent-filter android:priority="-100" >
87-->[androidx.test:core:1.5.0] AndroidManifest.xml:31:13-33:29
87-->[androidx.test:core:1.5.0] AndroidManifest.xml:31:28-51
88                <category android:name="android.intent.category.LAUNCHER" />
88-->src\main\AndroidManifest.xml:25:17-76
88-->src\main\AndroidManifest.xml:25:27-74
89            </intent-filter>
90        </activity>
91        <activity
91-->[androidx.test:core:1.5.0] AndroidManifest.xml:43:9-50:20
92            android:name="androidx.test.core.app.InstrumentationActivityInvoker$EmptyFloatingActivity"
92-->[androidx.test:core:1.5.0] AndroidManifest.xml:44:13-103
93            android:exported="true"
93-->[androidx.test:core:1.5.0] AndroidManifest.xml:45:13-36
94            android:theme="@style/WhiteBackgroundDialogTheme" >
94-->[androidx.test:core:1.5.0] AndroidManifest.xml:46:13-62
95            <intent-filter android:priority="-100" >
95-->[androidx.test:core:1.5.0] AndroidManifest.xml:31:13-33:29
95-->[androidx.test:core:1.5.0] AndroidManifest.xml:31:28-51
96                <category android:name="android.intent.category.LAUNCHER" />
96-->src\main\AndroidManifest.xml:25:17-76
96-->src\main\AndroidManifest.xml:25:27-74
97            </intent-filter>
98        </activity> <!-- Needs to be explicitly declared on P+ -->
99        <uses-library
99-->[com.google.android.gms:play-services-maps:18.2.0] AndroidManifest.xml:39:9-41:40
100            android:name="org.apache.http.legacy"
100-->[com.google.android.gms:play-services-maps:18.2.0] AndroidManifest.xml:40:13-50
101            android:required="false" />
101-->[com.google.android.gms:play-services-maps:18.2.0] AndroidManifest.xml:41:13-37
102
103        <activity
103-->[com.google.android.gms:play-services-base:18.0.1] AndroidManifest.xml:20:9-22:45
104            android:name="com.google.android.gms.common.api.GoogleApiActivity"
104-->[com.google.android.gms:play-services-base:18.0.1] AndroidManifest.xml:20:19-85
105            android:exported="false"
105-->[com.google.android.gms:play-services-base:18.0.1] AndroidManifest.xml:22:19-43
106            android:theme="@android:style/Theme.Translucent.NoTitleBar" />
106-->[com.google.android.gms:play-services-base:18.0.1] AndroidManifest.xml:21:19-78
107
108        <uses-library
108-->[androidx.window:window:1.0.0-beta04] AndroidManifest.xml:25:9-27:40
109            android:name="androidx.window.extensions"
109-->[androidx.window:window:1.0.0-beta04] AndroidManifest.xml:26:13-54
110            android:required="false" />
110-->[androidx.window:window:1.0.0-beta04] AndroidManifest.xml:27:13-37
111        <uses-library
111-->[androidx.window:window:1.0.0-beta04] AndroidManifest.xml:28:9-30:40
112            android:name="androidx.window.sidecar"
112-->[androidx.window:window:1.0.0-beta04] AndroidManifest.xml:29:13-51
113            android:required="false" />
113-->[androidx.window:window:1.0.0-beta04] AndroidManifest.xml:30:13-37
114    </application>
115
116</manifest>